[0.060s] DEBUG:colcon:Command line arguments: ['/usr/bin/colcon', 'list', '-p', '--base-paths', '/home/yash/voyant-perception-toolkit', '--log-base', '/dev/null']
[0.060s] DEBUG:colcon:Parsed command line arguments: Namespace(log_base=None, log_level=None, verb_name='list', build_base='build', ignore_user_meta=False, metas=['./colcon.meta'], base_paths=['/home/yash/voyant-perception-toolkit', '--log-base', '/dev/null'], packages_ignore=None, packages_ignore_regex=None, paths=None, packages_up_to=None, packages_up_to_regex=None, packages_above=None, packages_above_and_dependencies=None, packages_above_depth=None, packages_select_by_dep=None, packages_skip_by_dep=None, packages_skip_up_to=None, packages_select_build_failed=False, packages_skip_build_finished=False, packages_select_test_failures=False, packages_skip_test_passed=False, packages_select=None, packages_skip=None, packages_select_regex=None, packages_skip_regex=None, packages_start=None, packages_end=None, allow_overriding=[], topological_order=False, names_only=False, paths_only=True, topological_graph=False, topological_graph_dot=False, topological_graph_density=False, topological_graph_legend=False, topological_graph_dot_cluster=False, topological_graph_dot_include_skipped=False, mixin_files=None, mixin=None, verb_parser=<colcon_mixin.mixin.mixin_argument.MixinArgumentDecorator object at 0x7a4272a4ef50>, verb_extension=<colcon_package_information.verb.list.ListVerb object at 0x7a42729c3a30>, main=<bound method ListVerb.main of <colcon_package_information.verb.list.ListVerb object at 0x7a42729c3a30>>, mixin_verb=('list',))
[0.209s] Level 1:colcon.colcon_core.package_discovery:discover_packages(colcon_meta) check parameters
[0.209s] Level 1:colcon.colcon_core.package_discovery:discover_packages(recursive) check parameters
[0.209s] Level 1:colcon.colcon_core.package_discovery:discover_packages(ignore) check parameters
[0.209s] Level 1:colcon.colcon_core.package_discovery:discover_packages(path) check parameters
[0.209s] Level 1:colcon.colcon_core.package_discovery:discover_packages(recursive) discover
[0.210s] INFO:colcon.colcon_core.package_discovery:Crawling recursively for packages in '/home/yash/voyant-perception-toolkit', '/home/yash/voyant-perception-toolkit/--log-base', '/dev/null'
[0.210s] Level 1:colcon.colcon_core.package_identification:_identify(/home/yash/voyant-perception-toolkit) by extensions ['ignore', 'ignore_ament_install']
[0.210s] Level 1:colcon.colcon_core.package_identification:_identify(/home/yash/voyant-perception-toolkit) by extension 'ignore'
[0.210s] Level 1:colcon.colcon_core.package_identification:_identify(/home/yash/voyant-perception-toolkit) by extension 'ignore_ament_install'
[0.210s] Level 1:colcon.colcon_core.package_identification:_identify(/home/yash/voyant-perception-toolkit) by extensions ['colcon_pkg']
[0.210s] Level 1:colcon.colcon_core.package_identification:_identify(/home/yash/voyant-perception-toolkit) by extension 'colcon_pkg'
[0.210s] Level 1:colcon.colcon_core.package_identification:_identify(/home/yash/voyant-perception-toolkit) by extensions ['colcon_meta']
[0.210s] Level 1:colcon.colcon_core.package_identification:_identify(/home/yash/voyant-perception-toolkit) by extension 'colcon_meta'
[0.210s] Level 1:colcon.colcon_core.package_identification:_identify(/home/yash/voyant-perception-toolkit) by extensions ['ros']
[0.210s] Level 1:colcon.colcon_core.package_identification:_identify(/home/yash/voyant-perception-toolkit) by extension 'ros'
[0.216s] Level 1:colcon.colcon_core.package_identification:_identify(/home/yash/voyant-perception-toolkit) by extensions ['cmake', 'python']
[0.217s] Level 1:colcon.colcon_core.package_identification:_identify(/home/yash/voyant-perception-toolkit) by extension 'cmake'
[0.218s] Level 1:colcon.colcon_core.package_identification:_identify(/home/yash/voyant-perception-toolkit) by extension 'python'
[0.218s] DEBUG:colcon.colcon_core.package_identification:Package '/home/yash/voyant-perception-toolkit' with type 'cmake' and name 'voyant_perception_toolkit'
[0.218s] Level 1:colcon.colcon_core.package_discovery:discover_packages(recursive) using defaults
